2026-02-04 16:12:03,004 - cyber_intel - INFO - Starting up CyberRisk Intel API...
2026-02-04 16:12:03,162 - cyber_intel - INFO - Database tables created.
2026-02-04 16:12:08,296 - cyber_intel - INFO - Starting up CyberRisk Intel API...
2026-02-04 16:12:08,345 - cyber_intel - INFO - Database tables created.
2026-02-04 16:12:12,017 - cyber_intel - INFO - Starting up CyberRisk Intel API...
2026-02-04 16:12:12,096 - cyber_intel - INFO - Database tables created.
2026-02-04 16:12:57,812 - cyber_intel - INFO - Starting up CyberRisk Intel API...
2026-02-04 16:12:57,862 - cyber_intel - INFO - Database tables created.
2026-02-04 16:14:59,764 - cyber_intel - INFO - Starting up CyberRisk Intel API...
2026-02-04 16:14:59,811 - cyber_intel - INFO - Database tables created.
2026-02-04 16:21:49,423 - cyber_intel.scrapers.NVD - INFO - [*] Starting NVD collection (Window: 30 days)
2026-02-04 16:21:49,424 - cyber_intel.scrapers.NVD - INFO - [*] Requesting NVD API (startIndex=0)...
2026-02-04 16:22:42,581 - cyber_intel.scrapers.NVD - INFO -     [+] Got 2000 items. Total available: 3811
2026-02-04 16:22:42,671 - cyber_intel.scrapers.NVD - INFO - [*] Requesting NVD API (startIndex=2000)...
2026-02-04 16:22:48,157 - cyber_intel.scrapers.NVD - INFO -     [+] Got 1811 items. Total available: 3811
2026-02-04 16:31:02,365 - cyber_intel - INFO - Starting up CyberRisk Intel API...
2026-02-04 16:31:02,409 - cyber_intel - INFO - Database tables created.
2026-02-04 16:32:07,933 - cyber_intel.services.zap_scanner - ERROR - Exception starting Spider: HTTPConnectionPool(host='zap', port=8080): Max retries exceeded with url: /JSON/spider/action/scan/?url=http%3A%2F%2Fexample.com&apikey=secret_api_key (Caused by NameResolutionError("HTTPConnection(host='zap', port=8080): Failed to resolve 'zap' ([Errno -5] No address associated with hostname)"))
2026-02-04 16:34:26,960 - cyber_intel - INFO - Starting up CyberRisk Intel API...
2026-02-04 16:34:27,053 - cyber_intel - INFO - Database tables created.
2026-02-04 16:40:41,973 - cyber_intel.services.zap_scanner - INFO - Spider started with ID: 0
2026-02-04 16:42:43,913 - cyber_intel.services.zap_scanner - INFO - Active Scan started with ID: 0
2026-02-04 16:46:37,012 - cyber_intel.services.zap_scanner - INFO - Spider started with ID: 1
2026-02-05 09:05:28,641 - cyber_intel - INFO - Starting up CyberRisk Intel API...
2026-02-05 09:08:10,705 - cyber_intel - INFO - Starting up CyberRisk Intel API...
2026-02-05 09:08:10,910 - cyber_intel - INFO - Database tables created.
2026-02-05 09:09:02,397 - cyber_intel.scrapers.NVD - INFO - [*] Starting NVD collection (Window: 30 days)
2026-02-05 09:09:02,398 - cyber_intel.scrapers.NVD - INFO - [*] Requesting NVD API (startIndex=0)...
2026-02-05 09:09:04,585 - cyber_intel.scrapers.NVD - INFO -     [+] Got 2000 items. Total available: 4098
2026-02-05 09:09:04,670 - cyber_intel.scrapers.NVD - INFO - [*] Requesting NVD API (startIndex=2000)...
2026-02-05 09:09:06,769 - cyber_intel.scrapers.NVD - INFO -     [+] Got 2000 items. Total available: 4098
2026-02-05 09:09:06,798 - cyber_intel.scrapers.NVD - INFO - [*] Requesting NVD API (startIndex=4000)...
2026-02-05 09:09:07,964 - cyber_intel.scrapers.NVD - INFO -     [+] Got 98 items. Total available: 4098
2026-02-05 09:09:36,002 - cyber_intel.services.zap_scanner - INFO - Spider started with ID: 0
2026-02-05 09:11:36,706 - cyber_intel.services.zap_scanner - INFO - Spider started with ID: 1
2026-02-05 09:18:36,588 - cyber_intel - INFO - Starting up CyberRisk Intel API...
2026-02-05 09:18:36,673 - cyber_intel - INFO - Database tables created.
2026-02-05 09:19:02,972 - cyber_intel - INFO - Starting up CyberRisk Intel API...
2026-02-05 09:19:03,022 - cyber_intel - INFO - Database tables created.
2026-02-05 09:21:40,648 - cyber_intel - INFO - Starting up CyberRisk Intel API...
2026-02-05 09:21:40,691 - cyber_intel - INFO - Database tables created.
2026-02-05 09:22:38,826 - cyber_intel.services.zap_scanner - INFO - Spider started with ID: 2
2026-02-05 09:27:19,190 - cyber_intel - INFO - Starting up CyberRisk Intel API...
2026-02-05 09:27:19,281 - cyber_intel - INFO - Database tables created.
2026-02-05 09:27:24,354 - cyber_intel - INFO - Starting up CyberRisk Intel API...
2026-02-05 09:27:24,401 - cyber_intel - INFO - Database tables created.
2026-02-05 09:27:27,560 - cyber_intel - INFO - Starting up CyberRisk Intel API...
2026-02-05 09:27:27,613 - cyber_intel - INFO - Database tables created.
2026-02-05 09:27:42,298 - cyber_intel - INFO - Starting up CyberRisk Intel API...
2026-02-05 09:27:42,389 - cyber_intel - INFO - Database tables created.
2026-02-05 09:28:35,601 - cyber_intel - INFO - Starting up CyberRisk Intel API...
2026-02-05 09:28:35,651 - cyber_intel - INFO - Database tables created.
2026-02-05 09:28:42,904 - cyber_intel.services.zap_scanner - INFO - Spider started with ID: 3
2026-02-05 15:29:26,032 - cyber_intel - INFO - Starting up CyberRisk Intel API...
2026-02-05 15:29:26,108 - cyber_intel - INFO - Database tables created.
2026-02-05 15:31:12,838 - cyber_intel.services.zap_scanner - INFO - Spider started with ID: 0
2026-02-05 15:44:28,950 - cyber_intel.services.zap_scanner - INFO - Spider started with ID: 1
2026-02-05 15:45:50,177 - cyber_intel.services.zap_scanner - INFO - Spider started with ID: 2
2026-02-05 15:52:27,039 - cyber_intel.services.zap_scanner - INFO - Spider started with ID: 3
2026-02-05 15:53:41,288 - cyber_intel.services.zap_scanner - INFO - Spider started with ID: 4
2026-02-05 15:54:34,593 - cyber_intel.services.zap_scanner - INFO - Spider started with ID: 5
2026-02-05 15:56:38,476 - cyber_intel.services.zap_scanner - INFO - Spider started with ID: 6
2026-02-05 16:02:57,407 - cyber_intel.services.zap_scanner - ERROR - Failed to start Active Scan: {'code': 'url_not_found', 'message': 'URL Not Found in the Scan Tree'}
2026-02-05 16:49:17,664 - cyber_intel - INFO - Starting up CyberRisk Intel API...
2026-02-05 16:49:17,745 - cyber_intel - INFO - Database tables created.
2026-02-05 16:53:19,520 - cyber_intel - INFO - Starting up CyberRisk Intel API...
2026-02-05 16:53:19,556 - cyber_intel - INFO - Database tables created.
2026-02-05 16:54:07,514 - cyber_intel.services.zap_scanner - INFO - Spider started with ID: 7
2026-02-05 16:54:28,911 - cyber_intel.services.zap_scanner - WARNING - Target http://192.168.1.199 not found in scan tree. Falling back to Spider.
2026-02-05 16:54:28,917 - cyber_intel.services.zap_scanner - INFO - Spider started with ID: 8
2026-02-05 17:12:52,434 - cyber_intel.services.zap_scanner - WARNING - Target http://192.168.1.199 not found in scan tree. Falling back to Spider.
2026-02-05 17:12:52,442 - cyber_intel.services.zap_scanner - INFO - Spider started with ID: 9
2026-02-05 17:15:53,930 - cyber_intel - INFO - Starting up CyberRisk Intel API...
2026-02-05 17:15:54,003 - cyber_intel - INFO - Database tables created.
2026-02-05 17:16:48,772 - cyber_intel - INFO - Starting up CyberRisk Intel API...
2026-02-05 17:16:48,847 - cyber_intel - INFO - Database tables created.
2026-02-05 17:17:18,952 - cyber_intel.services.zap_scanner - INFO - Spider started with ID: 10
2026-02-05 17:19:13,322 - cyber_intel.services.zap_scanner - INFO - Spider started with ID: 11
2026-02-05 17:21:49,838 - cyber_intel - INFO - Starting up CyberRisk Intel API...
2026-02-05 17:21:49,875 - cyber_intel - INFO - Database tables created.
2026-02-05 17:22:34,830 - cyber_intel - INFO - Starting up CyberRisk Intel API...
2026-02-05 17:22:34,869 - cyber_intel - INFO - Database tables created.
2026-02-05 17:23:10,702 - cyber_intel.services.zap_scanner - INFO - Spider started with ID: 12
2026-02-05 17:23:35,634 - cyber_intel.services.zap_scanner - INFO - Spider started with ID: 13
2026-02-05 17:23:52,703 - cyber_intel.services.zap_scanner - INFO - Spider started with ID: 14
2026-02-05 17:24:09,430 - cyber_intel.services.zap_scanner - INFO - Spider started with ID: 15
2026-02-05 17:29:17,266 - cyber_intel - INFO - Starting up CyberRisk Intel API...
2026-02-05 17:29:17,341 - cyber_intel - INFO - Database tables created.
2026-02-05 17:30:44,694 - cyber_intel.services.zap_scanner - INFO - Spider started with ID: 0
2026-02-05 17:31:05,812 - cyber_intel.services.zap_scanner - INFO - Spider started with ID: 1
2026-02-05 17:31:46,893 - cyber_intel.services.zap_scanner - INFO - Spider started with ID: 2
2026-02-05 17:32:42,619 - cyber_intel.services.zap_scanner - INFO - Spider started with ID: 3
2026-02-05 17:33:07,437 - cyber_intel.services.zap_scanner - INFO - Active Scan started with ID: 0
2026-02-05 18:13:39,257 - cyber_intel - INFO - Starting up CyberRisk Intel API...
2026-02-05 18:17:31,561 - cyber_intel - INFO - Starting up CyberRisk Intel API...
2026-02-05 18:18:54,693 - cyber_intel - INFO - Starting up CyberRisk Intel API...
2026-02-05 18:19:33,308 - cyber_intel - INFO - Starting up CyberRisk Intel API...
2026-02-05 18:19:33,360 - cyber_intel - INFO - Database tables created.
2026-02-05 18:20:05,612 - cyber_intel.services.zap_scanner - ERROR - Exception starting Spider: HTTPConnectionPool(host='zap', port=8080): Max retries exceeded with url: /JSON/spider/action/scan/?url=http%3A%2F%2F192.168.1.199%3A3030&apikey=secret_api_key (Caused by NewConnectionError("HTTPConnection(host='zap', port=8080): Failed to establish a new connection: [Errno 111] Connection refused"))
2026-02-05 18:20:16,068 - cyber_intel.services.zap_scanner - ERROR - Exception starting Spider: HTTPConnectionPool(host='zap', port=8080): Max retries exceeded with url: /JSON/spider/action/scan/?url=http%3A%2F%2F192.168.1.199&apikey=secret_api_key (Caused by NewConnectionError("HTTPConnection(host='zap', port=8080): Failed to establish a new connection: [Errno 111] Connection refused"))
2026-02-05 18:20:50,993 - cyber_intel.services.zap_scanner - ERROR - Failed to start Active Scan: {'code': 'url_not_found', 'message': 'URL Not Found in the Scan Tree'}
2026-02-05 18:21:06,506 - cyber_intel.services.zap_scanner - ERROR - Failed to start Active Scan: {'code': 'url_not_found', 'message': 'URL Not Found in the Scan Tree'}
2026-02-05 18:23:12,334 - cyber_intel - INFO - Starting up CyberRisk Intel API...
2026-02-05 18:23:12,425 - cyber_intel - INFO - Database tables created.
2026-02-05 18:25:10,631 - cyber_intel - INFO - Starting up CyberRisk Intel API...
2026-02-05 18:25:10,724 - cyber_intel - INFO - Database tables created.
2026-02-05 18:25:48,996 - cyber_intel.services.zap_scanner - INFO - Spider started with ID: 0
2026-02-05 18:26:03,914 - cyber_intel.services.zap_scanner - INFO - Spider started with ID: 1
2026-02-05 18:27:14,545 - cyber_intel.services.zap_scanner - INFO - Active Scan started with ID: 0
2026-02-05 18:52:23,557 - cyber_intel - INFO - Starting up CyberRisk Intel API...
2026-02-05 18:52:23,625 - cyber_intel - INFO - Database tables created.
2026-02-05 18:53:46,456 - cyber_intel.services.zap_scanner - WARNING - Target http://192.168.1.199:3030 not found in scan tree. active scan aborted.
2026-02-05 18:54:37,440 - cyber_intel.services.zap_scanner - INFO - Spider started with ID: 0
2026-02-05 18:55:34,778 - cyber_intel.services.zap_scanner - INFO - Active Scan started with ID: 0
2026-02-05 19:07:07,278 - cyber_intel - INFO - Starting up CyberRisk Intel API...
2026-02-05 19:07:07,363 - cyber_intel - INFO - Database tables created.
2026-02-05 19:07:26,969 - cyber_intel - INFO - Starting up CyberRisk Intel API...
2026-02-05 19:07:27,010 - cyber_intel - INFO - Database tables created.
2026-02-05 19:07:27,071 - urllib3.connectionpool - WARNING - Retrying (Retry(total=2, connect=None, read=None, redirect=None, status=None)) after connection broken by 'NameResolutionError("HTTPConnection(host='zap', port=8080): Failed to resolve 'zap' ([Errno -5] No address associated with hostname)")': /JSON/ascan/view/status/?scanId=0&apikey=secret_api_key
2026-02-05 19:07:28,197 - urllib3.connectionpool - WARNING - Retrying (Retry(total=1, connect=None, read=None, redirect=None, status=None)) after connection broken by 'NameResolutionError("HTTPConnection(host='zap', port=8080): Failed to resolve 'zap' ([Errno -5] No address associated with hostname)")': /JSON/ascan/view/status/?scanId=0&apikey=secret_api_key
2026-02-05 19:07:30,206 - urllib3.connectionpool - WARNING - Retrying (Retry(total=0, connect=None, read=None, redirect=None, status=None)) after connection broken by 'NameResolutionError("HTTPConnection(host='zap', port=8080): Failed to resolve 'zap' ([Errno -5] No address associated with hostname)")': /JSON/ascan/view/status/?scanId=0&apikey=secret_api_key
2026-02-05 19:07:30,448 - urllib3.connectionpool - WARNING - Retrying (Retry(total=2, connect=None, read=None, redirect=None, status=None)) after connection broken by 'NameResolutionError("HTTPConnection(host='zap', port=8080): Failed to resolve 'zap' ([Errno -5] No address associated with hostname)")': /JSON/ascan/view/status/?scanId=0&apikey=secret_api_key
2026-02-05 19:07:31,456 - urllib3.connectionpool - WARNING - Retrying (Retry(total=1, connect=None, read=None, redirect=None, status=None)) after connection broken by 'NameResolutionError("HTTPConnection(host='zap', port=8080): Failed to resolve 'zap' ([Errno -5] No address associated with hostname)")': /JSON/ascan/view/status/?scanId=0&apikey=secret_api_key
2026-02-05 19:07:33,465 - urllib3.connectionpool - WARNING - Retrying (Retry(total=0, connect=None, read=None, redirect=None, status=None)) after connection broken by 'NameResolutionError("HTTPConnection(host='zap', port=8080): Failed to resolve 'zap' ([Errno -5] No address associated with hostname)")': /JSON/ascan/view/status/?scanId=0&apikey=secret_api_key
2026-02-05 19:07:34,925 - urllib3.connectionpool - WARNING - Retrying (Retry(total=2, connect=None, read=None, redirect=None, status=None)) after connection broken by 'NameResolutionError("HTTPConnection(host='zap', port=8080): Failed to resolve 'zap' ([Errno -5] No address associated with hostname)")': /JSON/ascan/view/status/?scanId=0&apikey=secret_api_key
2026-02-05 19:07:35,935 - urllib3.connectionpool - WARNING - Retrying (Retry(total=1, connect=None, read=None, redirect=None, status=None)) after connection broken by 'NameResolutionError("HTTPConnection(host='zap', port=8080): Failed to resolve 'zap' ([Errno -5] No address associated with hostname)")': /JSON/ascan/view/status/?scanId=0&apikey=secret_api_key
2026-02-05 19:07:37,944 - urllib3.connectionpool - WARNING - Retrying (Retry(total=0, connect=None, read=None, redirect=None, status=None)) after connection broken by 'NameResolutionError("HTTPConnection(host='zap', port=8080): Failed to resolve 'zap' ([Errno -5] No address associated with hostname)")': /JSON/ascan/view/status/?scanId=0&apikey=secret_api_key
2026-02-05 19:07:39,944 - urllib3.connectionpool - WARNING - Retrying (Retry(total=2, connect=None, read=None, redirect=None, status=None)) after connection broken by 'NameResolutionError("HTTPConnection(host='zap', port=8080): Failed to resolve 'zap' ([Errno -5] No address associated with hostname)")': /JSON/ascan/view/status/?scanId=0&apikey=secret_api_key
2026-02-05 19:07:40,954 - urllib3.connectionpool - WARNING - Retrying (Retry(total=1, connect=None, read=None, redirect=None, status=None)) after connection broken by 'NameResolutionError("HTTPConnection(host='zap', port=8080): Failed to resolve 'zap' ([Errno -5] No address associated with hostname)")': /JSON/ascan/view/status/?scanId=0&apikey=secret_api_key
2026-02-05 19:07:42,965 - urllib3.connectionpool - WARNING - Retrying (Retry(total=0, connect=None, read=None, redirect=None, status=None)) after connection broken by 'NameResolutionError("HTTPConnection(host='zap', port=8080): Failed to resolve 'zap' ([Errno -5] No address associated with hostname)")': /JSON/ascan/view/status/?scanId=0&apikey=secret_api_key
2026-02-05 19:07:44,959 - urllib3.connectionpool - WARNING - Retrying (Retry(total=2, connect=None, read=None, redirect=None, status=None)) after connection broken by 'NameResolutionError("HTTPConnection(host='zap', port=8080): Failed to resolve 'zap' ([Errno -5] No address associated with hostname)")': /JSON/ascan/view/status/?scanId=0&apikey=secret_api_key
2026-02-05 19:07:45,969 - urllib3.connectionpool - WARNING - Retrying (Retry(total=1, connect=None, read=None, redirect=None, status=None)) after connection broken by 'NameResolutionError("HTTPConnection(host='zap', port=8080): Failed to resolve 'zap' ([Errno -5] No address associated with hostname)")': /JSON/ascan/view/status/?scanId=0&apikey=secret_api_key
2026-02-05 19:07:47,980 - urllib3.connectionpool - WARNING - Retrying (Retry(total=0, connect=None, read=None, redirect=None, status=None)) after connection broken by 'NameResolutionError("HTTPConnection(host='zap', port=8080): Failed to resolve 'zap' ([Errno -5] No address associated with hostname)")': /JSON/ascan/view/status/?scanId=0&apikey=secret_api_key
2026-02-05 19:07:49,876 - urllib3.connectionpool - WARNING - Retrying (Retry(total=2, connect=None, read=None, redirect=None, status=None)) after connection broken by 'NameResolutionError("HTTPConnection(host='zap', port=8080): Failed to resolve 'zap' ([Errno -5] No address associated with hostname)")': /JSON/ascan/view/status/?scanId=0&apikey=secret_api_key
2026-02-05 19:07:50,885 - urllib3.connectionpool - WARNING - Retrying (Retry(total=1, connect=None, read=None, redirect=None, status=None)) after connection broken by 'NameResolutionError("HTTPConnection(host='zap', port=8080): Failed to resolve 'zap' ([Errno -5] No address associated with hostname)")': /JSON/ascan/view/status/?scanId=0&apikey=secret_api_key
2026-02-05 19:07:52,895 - urllib3.connectionpool - WARNING - Retrying (Retry(total=0, connect=None, read=None, redirect=None, status=None)) after connection broken by 'NameResolutionError("HTTPConnection(host='zap', port=8080): Failed to resolve 'zap' ([Errno -5] No address associated with hostname)")': /JSON/ascan/view/status/?scanId=0&apikey=secret_api_key
2026-02-05 19:07:54,893 - urllib3.connectionpool - WARNING - Retrying (Retry(total=2, connect=None, read=None, redirect=None, status=None)) after connection broken by 'NameResolutionError("HTTPConnection(host='zap', port=8080): Failed to resolve 'zap' ([Errno -5] No address associated with hostname)")': /JSON/ascan/view/status/?scanId=0&apikey=secret_api_key
2026-02-05 19:07:55,901 - urllib3.connectionpool - WARNING - Retrying (Retry(total=1, connect=None, read=None, redirect=None, status=None)) after connection broken by 'NameResolutionError("HTTPConnection(host='zap', port=8080): Failed to resolve 'zap' ([Errno -5] No address associated with hostname)")': /JSON/ascan/view/status/?scanId=0&apikey=secret_api_key
2026-02-05 19:07:57,914 - urllib3.connectionpool - WARNING - Retrying (Retry(total=0, connect=None, read=None, redirect=None, status=None)) after connection broken by 'NameResolutionError("HTTPConnection(host='zap', port=8080): Failed to resolve 'zap' ([Errno -5] No address associated with hostname)")': /JSON/ascan/view/status/?scanId=0&apikey=secret_api_key
2026-02-05 19:07:59,912 - urllib3.connectionpool - WARNING - Retrying (Retry(total=2, connect=None, read=None, redirect=None, status=None)) after connection broken by 'NameResolutionError("HTTPConnection(host='zap', port=8080): Failed to resolve 'zap' ([Errno -5] No address associated with hostname)")': /JSON/ascan/view/status/?scanId=0&apikey=secret_api_key
2026-02-05 19:08:00,919 - urllib3.connectionpool - WARNING - Retrying (Retry(total=1, connect=None, read=None, redirect=None, status=None)) after connection broken by 'NameResolutionError("HTTPConnection(host='zap', port=8080): Failed to resolve 'zap' ([Errno -5] No address associated with hostname)")': /JSON/ascan/view/status/?scanId=0&apikey=secret_api_key
2026-02-05 19:08:02,931 - urllib3.connectionpool - WARNING - Retrying (Retry(total=0, connect=None, read=None, redirect=None, status=None)) after connection broken by 'NameResolutionError("HTTPConnection(host='zap', port=8080): Failed to resolve 'zap' ([Errno -5] No address associated with hostname)")': /JSON/ascan/view/status/?scanId=0&apikey=secret_api_key
2026-02-05 19:08:04,929 - urllib3.connectionpool - WARNING - Retrying (Retry(total=2, connect=None, read=None, redirect=None, status=None)) after connection broken by 'NameResolutionError("HTTPConnection(host='zap', port=8080): Failed to resolve 'zap' ([Errno -5] No address associated with hostname)")': /JSON/ascan/view/status/?scanId=0&apikey=secret_api_key
2026-02-05 19:08:05,939 - urllib3.connectionpool - WARNING - Retrying (Retry(total=1, connect=None, read=None, redirect=None, status=None)) after connection broken by 'NameResolutionError("HTTPConnection(host='zap', port=8080): Failed to resolve 'zap' ([Errno -5] No address associated with hostname)")': /JSON/ascan/view/status/?scanId=0&apikey=secret_api_key
2026-02-05 19:08:07,950 - urllib3.connectionpool - WARNING - Retrying (Retry(total=0, connect=None, read=None, redirect=None, status=None)) after connection broken by 'NameResolutionError("HTTPConnection(host='zap', port=8080): Failed to resolve 'zap' ([Errno -5] No address associated with hostname)")': /JSON/ascan/view/status/?scanId=0&apikey=secret_api_key
2026-02-05 19:08:09,946 - urllib3.connectionpool - WARNING - Retrying (Retry(total=2, connect=None, read=None, redirect=None, status=None)) after connection broken by 'NameResolutionError("HTTPConnection(host='zap', port=8080): Failed to resolve 'zap' ([Errno -5] No address associated with hostname)")': /JSON/ascan/view/status/?scanId=0&apikey=secret_api_key
2026-02-05 19:08:10,956 - urllib3.connectionpool - WARNING - Retrying (Retry(total=1, connect=None, read=None, redirect=None, status=None)) after connection broken by 'NameResolutionError("HTTPConnection(host='zap', port=8080): Failed to resolve 'zap' ([Errno -5] No address associated with hostname)")': /JSON/ascan/view/status/?scanId=0&apikey=secret_api_key
2026-02-05 19:08:12,967 - urllib3.connectionpool - WARNING - Retrying (Retry(total=0, connect=None, read=None, redirect=None, status=None)) after connection broken by 'NameResolutionError("HTTPConnection(host='zap', port=8080): Failed to resolve 'zap' ([Errno -5] No address associated with hostname)")': /JSON/ascan/view/status/?scanId=0&apikey=secret_api_key
2026-02-05 19:08:14,861 - urllib3.connectionpool - WARNING - Retrying (Retry(total=2, connect=None, read=None, redirect=None, status=None)) after connection broken by 'NameResolutionError("HTTPConnection(host='zap', port=8080): Failed to resolve 'zap' ([Errno -5] No address associated with hostname)")': /JSON/ascan/view/status/?scanId=0&apikey=secret_api_key
2026-02-05 19:08:15,871 - urllib3.connectionpool - WARNING - Retrying (Retry(total=1, connect=None, read=None, redirect=None, status=None)) after connection broken by 'NameResolutionError("HTTPConnection(host='zap', port=8080): Failed to resolve 'zap' ([Errno -5] No address associated with hostname)")': /JSON/ascan/view/status/?scanId=0&apikey=secret_api_key
2026-02-05 19:08:17,882 - urllib3.connectionpool - WARNING - Retrying (Retry(total=0, connect=None, read=None, redirect=None, status=None)) after connection broken by 'NameResolutionError("HTTPConnection(host='zap', port=8080): Failed to resolve 'zap' ([Errno -5] No address associated with hostname)")': /JSON/ascan/view/status/?scanId=0&apikey=secret_api_key
2026-02-05 19:08:32,228 - cyber_intel - INFO - Starting up CyberRisk Intel API...
2026-02-05 19:08:32,311 - cyber_intel - INFO - Database tables created.
2026-02-05 19:08:43,878 - urllib3.connectionpool - WARNING - Retrying (Retry(total=2, connect=None, read=None, redirect=None, status=None)) after connection broken by 'NewConnectionError("HTTPConnection(host='zap', port=8080): Failed to establish a new connection: [Errno 111] Connection refused")': /JSON/spider/action/scan/?url=http%3A%2F%2F192.168.1.199%3A3030&apikey=secret_api_key
2026-02-05 19:08:45,014 - urllib3.connectionpool - WARNING - Retrying (Retry(total=1, connect=None, read=None, redirect=None, status=None)) after connection broken by 'NewConnectionError("HTTPConnection(host='zap', port=8080): Failed to establish a new connection: [Errno 111] Connection refused")': /JSON/spider/action/scan/?url=http%3A%2F%2F192.168.1.199%3A3030&apikey=secret_api_key
2026-02-05 19:08:47,017 - urllib3.connectionpool - WARNING - Retrying (Retry(total=0, connect=None, read=None, redirect=None, status=None)) after connection broken by 'NewConnectionError("HTTPConnection(host='zap', port=8080): Failed to establish a new connection: [Errno 111] Connection refused")': /JSON/spider/action/scan/?url=http%3A%2F%2F192.168.1.199%3A3030&apikey=secret_api_key
2026-02-05 19:08:47,019 - cyber_intel.services.zap_scanner - ERROR - Exception starting Spider: HTTPConnectionPool(host='zap', port=8080): Max retries exceeded with url: /JSON/spider/action/scan/?url=http%3A%2F%2F192.168.1.199%3A3030&apikey=secret_api_key (Caused by NewConnectionError("HTTPConnection(host='zap', port=8080): Failed to establish a new connection: [Errno 111] Connection refused"))
2026-02-05 19:09:26,967 - cyber_intel - INFO - Starting up CyberRisk Intel API...
2026-02-05 19:09:27,011 - cyber_intel - INFO - Database tables created.
2026-02-05 19:09:37,511 - urllib3.connectionpool - WARNING - Retrying (Retry(total=2, connect=None, read=None, redirect=None, status=None)) after connection broken by 'NewConnectionError("HTTPConnection(host='zap', port=8080): Failed to establish a new connection: [Errno 111] Connection refused")': /JSON/spider/action/scan/?url=http%3A%2F%2F192.168.1.199%3A3030&apikey=secret_api_key
2026-02-05 19:09:38,661 - urllib3.connectionpool - WARNING - Retrying (Retry(total=1, connect=None, read=None, redirect=None, status=None)) after connection broken by 'NewConnectionError("HTTPConnection(host='zap', port=8080): Failed to establish a new connection: [Errno 111] Connection refused")': /JSON/spider/action/scan/?url=http%3A%2F%2F192.168.1.199%3A3030&apikey=secret_api_key
2026-02-05 19:09:40,663 - urllib3.connectionpool - WARNING - Retrying (Retry(total=0, connect=None, read=None, redirect=None, status=None)) after connection broken by 'NewConnectionError("HTTPConnection(host='zap', port=8080): Failed to establish a new connection: [Errno 111] Connection refused")': /JSON/spider/action/scan/?url=http%3A%2F%2F192.168.1.199%3A3030&apikey=secret_api_key
2026-02-05 19:09:40,666 - cyber_intel.services.zap_scanner - ERROR - Exception starting Spider: HTTPConnectionPool(host='zap', port=8080): Max retries exceeded with url: /JSON/spider/action/scan/?url=http%3A%2F%2F192.168.1.199%3A3030&apikey=secret_api_key (Caused by NewConnectionError("HTTPConnection(host='zap', port=8080): Failed to establish a new connection: [Errno 111] Connection refused"))
2026-02-05 19:11:11,271 - cyber_intel - INFO - Starting up CyberRisk Intel API...
2026-02-05 19:11:11,322 - cyber_intel - INFO - Database tables created.
2026-02-05 19:11:18,118 - cyber_intel.services.zap_scanner - INFO - Spider started with ID: 0
2026-02-05 19:11:31,355 - cyber_intel - INFO - Starting up CyberRisk Intel API...
2026-02-05 19:11:31,407 - cyber_intel - INFO - Database tables created.
2026-02-05 19:11:35,502 - cyber_intel - INFO - Starting up CyberRisk Intel API...
2026-02-05 19:11:35,597 - cyber_intel - INFO - Database tables created.
2026-02-05 19:13:42,091 - cyber_intel.services.zap_scanner - INFO - Active Scan started with ID: 0
2026-02-05 19:16:47,287 - urllib3.connectionpool - WARNING - Retrying (Retry(total=2, connect=None, read=None, redirect=None, status=None)) after connection broken by 'ReadTimeoutError("HTTPConnectionPool(host='zap', port=8080): Read timed out. (read timeout=5)")': /JSON/ascan/view/scanProgress/?scanId=0&apikey=secret_api_key
2026-02-05 19:24:27,293 - cyber_intel - INFO - Starting up CyberRisk Intel API...
2026-02-05 19:24:27,387 - cyber_intel - INFO - Database tables created.
2026-02-05 19:30:58,072 - cyber_intel - INFO - Starting up CyberRisk Intel API...
2026-02-05 19:30:58,163 - cyber_intel - INFO - Database tables created.
2026-02-05 19:33:39,576 - cyber_intel.services.zap_scanner - WARNING - Target http://192.168.1.199:3030 not found in scan tree. active scan aborted.
2026-02-05 19:33:57,094 - cyber_intel - INFO - Starting up CyberRisk Intel API...
2026-02-05 19:33:57,179 - cyber_intel - INFO - Database tables created.
2026-02-05 19:34:13,737 - cyber_intel.services.zap_scanner - WARNING - Target http://192.168.1.199:3030 not found in scan tree. active scan aborted.
2026-02-05 19:34:46,106 - cyber_intel - INFO - Starting up CyberRisk Intel API...
2026-02-05 19:34:46,195 - cyber_intel - INFO - Database tables created.
2026-02-05 19:35:22,580 - cyber_intel.services.zap_scanner - WARNING - Target http://192.168.1.199:3030 not found in scan tree. active scan aborted.
2026-02-05 19:36:00,567 - cyber_intel - INFO - Starting up CyberRisk Intel API...
2026-02-05 19:36:00,643 - cyber_intel - INFO - Database tables created.
2026-02-05 19:37:53,536 - cyber_intel - INFO - Starting up CyberRisk Intel API...
2026-02-05 19:37:53,625 - cyber_intel - INFO - Database tables created.
2026-02-05 19:38:16,030 - cyber_intel.services.zap_scanner - WARNING - Target http://192.168.1.199:3030 not found in scan tree. active scan aborted.
2026-02-05 19:38:55,351 - cyber_intel.services.zap_scanner - INFO - Spider started with ID: 0
2026-02-05 19:39:54,639 - cyber_intel.services.zap_scanner - INFO - Active Scan started with ID: 0
2026-02-05 19:41:40,643 - urllib3.connectionpool - WARNING - Retrying (Retry(total=2, connect=None, read=None, redirect=None, status=None)) after connection broken by 'RemoteDisconnected('Remote end closed connection without response')': /JSON/ascan/view/scanProgress/?scanId=0&apikey=secret_api_key
2026-02-05 19:41:41,645 - urllib3.connectionpool - WARNING - Retrying (Retry(total=1, connect=None, read=None, redirect=None, status=None)) after connection broken by 'NewConnectionError("HTTPConnection(host='zap', port=8080): Failed to establish a new connection: [Errno 111] Connection refused")': /JSON/ascan/view/scanProgress/?scanId=0&apikey=secret_api_key
2026-02-05 19:41:43,655 - urllib3.connectionpool - WARNING - Retrying (Retry(total=0, connect=None, read=None, redirect=None, status=None)) after connection broken by 'NameResolutionError("HTTPConnection(host='zap', port=8080): Failed to resolve 'zap' ([Errno -5] No address associated with hostname)")': /JSON/ascan/view/scanProgress/?scanId=0&apikey=secret_api_key
2026-02-05 19:41:44,777 - urllib3.connectionpool - WARNING - Retrying (Retry(total=2, connect=None, read=None, redirect=None, status=None)) after connection broken by 'NameResolutionError("HTTPConnection(host='zap', port=8080): Failed to resolve 'zap' ([Errno -5] No address associated with hostname)")': /JSON/ascan/view/status/?scanId=0&apikey=secret_api_key
2026-02-05 19:41:45,786 - urllib3.connectionpool - WARNING - Retrying (Retry(total=1, connect=None, read=None, redirect=None, status=None)) after connection broken by 'NameResolutionError("HTTPConnection(host='zap', port=8080): Failed to resolve 'zap' ([Errno -5] No address associated with hostname)")': /JSON/ascan/view/status/?scanId=0&apikey=secret_api_key
2026-02-05 19:41:47,798 - urllib3.connectionpool - WARNING - Retrying (Retry(total=0, connect=None, read=None, redirect=None, status=None)) after connection broken by 'NameResolutionError("HTTPConnection(host='zap', port=8080): Failed to resolve 'zap' ([Errno -5] No address associated with hostname)")': /JSON/ascan/view/status/?scanId=0&apikey=secret_api_key
2026-02-05 19:41:49,796 - urllib3.connectionpool - WARNING - Retrying (Retry(total=2, connect=None, read=None, redirect=None, status=None)) after connection broken by 'NameResolutionError("HTTPConnection(host='zap', port=8080): Failed to resolve 'zap' ([Errno -5] No address associated with hostname)")': /JSON/ascan/view/status/?scanId=0&apikey=secret_api_key
2026-02-05 19:41:50,822 - urllib3.connectionpool - WARNING - Retrying (Retry(total=1, connect=None, read=None, redirect=None, status=None)) after connection broken by 'NameResolutionError("HTTPConnection(host='zap', port=8080): Failed to resolve 'zap' ([Errno -5] No address associated with hostname)")': /JSON/ascan/view/status/?scanId=0&apikey=secret_api_key
2026-02-05 19:41:52,832 - urllib3.connectionpool - WARNING - Retrying (Retry(total=0, connect=None, read=None, redirect=None, status=None)) after connection broken by 'NameResolutionError("HTTPConnection(host='zap', port=8080): Failed to resolve 'zap' ([Errno -5] No address associated with hostname)")': /JSON/ascan/view/status/?scanId=0&apikey=secret_api_key
2026-02-05 19:41:54,811 - urllib3.connectionpool - WARNING - Retrying (Retry(total=2, connect=None, read=None, redirect=None, status=None)) after connection broken by 'NameResolutionError("HTTPConnection(host='zap', port=8080): Failed to resolve 'zap' ([Errno -5] No address associated with hostname)")': /JSON/ascan/view/status/?scanId=0&apikey=secret_api_key
2026-02-05 19:41:55,819 - urllib3.connectionpool - WARNING - Retrying (Retry(total=1, connect=None, read=None, redirect=None, status=None)) after connection broken by 'NameResolutionError("HTTPConnection(host='zap', port=8080): Failed to resolve 'zap' ([Errno -5] No address associated with hostname)")': /JSON/ascan/view/status/?scanId=0&apikey=secret_api_key
2026-02-05 19:41:57,832 - urllib3.connectionpool - WARNING - Retrying (Retry(total=0, connect=None, read=None, redirect=None, status=None)) after connection broken by 'NameResolutionError("HTTPConnection(host='zap', port=8080): Failed to resolve 'zap' ([Errno -5] No address associated with hostname)")': /JSON/ascan/view/status/?scanId=0&apikey=secret_api_key
2026-02-05 19:41:59,728 - urllib3.connectionpool - WARNING - Retrying (Retry(total=2, connect=None, read=None, redirect=None, status=None)) after connection broken by 'NameResolutionError("HTTPConnection(host='zap', port=8080): Failed to resolve 'zap' ([Errno -5] No address associated with hostname)")': /JSON/ascan/view/status/?scanId=0&apikey=secret_api_key
2026-02-05 19:42:00,736 - urllib3.connectionpool - WARNING - Retrying (Retry(total=1, connect=None, read=None, redirect=None, status=None)) after connection broken by 'NameResolutionError("HTTPConnection(host='zap', port=8080): Failed to resolve 'zap' ([Errno -5] No address associated with hostname)")': /JSON/ascan/view/status/?scanId=0&apikey=secret_api_key
2026-02-05 19:42:02,747 - urllib3.connectionpool - WARNING - Retrying (Retry(total=0, connect=None, read=None, redirect=None, status=None)) after connection broken by 'NameResolutionError("HTTPConnection(host='zap', port=8080): Failed to resolve 'zap' ([Errno -5] No address associated with hostname)")': /JSON/ascan/view/status/?scanId=0&apikey=secret_api_key
2026-02-05 19:42:04,745 - urllib3.connectionpool - WARNING - Retrying (Retry(total=2, connect=None, read=None, redirect=None, status=None)) after connection broken by 'NameResolutionError("HTTPConnection(host='zap', port=8080): Failed to resolve 'zap' ([Errno -5] No address associated with hostname)")': /JSON/ascan/view/status/?scanId=0&apikey=secret_api_key
2026-02-05 19:42:05,777 - urllib3.connectionpool - WARNING - Retrying (Retry(total=1, connect=None, read=None, redirect=None, status=None)) after connection broken by 'NameResolutionError("HTTPConnection(host='zap', port=8080): Failed to resolve 'zap' ([Errno -5] No address associated with hostname)")': /JSON/ascan/view/status/?scanId=0&apikey=secret_api_key
2026-02-05 19:42:07,789 - urllib3.connectionpool - WARNING - Retrying (Retry(total=0, connect=None, read=None, redirect=None, status=None)) after connection broken by 'NameResolutionError("HTTPConnection(host='zap', port=8080): Failed to resolve 'zap' ([Errno -5] No address associated with hostname)")': /JSON/ascan/view/status/?scanId=0&apikey=secret_api_key
2026-02-05 19:42:09,762 - urllib3.connectionpool - WARNING - Retrying (Retry(total=2, connect=None, read=None, redirect=None, status=None)) after connection broken by 'NameResolutionError("HTTPConnection(host='zap', port=8080): Failed to resolve 'zap' ([Errno -5] No address associated with hostname)")': /JSON/ascan/view/status/?scanId=0&apikey=secret_api_key
2026-02-05 19:42:10,773 - urllib3.connectionpool - WARNING - Retrying (Retry(total=1, connect=None, read=None, redirect=None, status=None)) after connection broken by 'NameResolutionError("HTTPConnection(host='zap', port=8080): Failed to resolve 'zap' ([Errno -5] No address associated with hostname)")': /JSON/ascan/view/status/?scanId=0&apikey=secret_api_key
2026-02-05 19:42:12,787 - urllib3.connectionpool - WARNING - Retrying (Retry(total=0, connect=None, read=None, redirect=None, status=None)) after connection broken by 'NameResolutionError("HTTPConnection(host='zap', port=8080): Failed to resolve 'zap' ([Errno -5] No address associated with hostname)")': /JSON/ascan/view/status/?scanId=0&apikey=secret_api_key
2026-02-05 19:42:14,779 - urllib3.connectionpool - WARNING - Retrying (Retry(total=2, connect=None, read=None, redirect=None, status=None)) after connection broken by 'NameResolutionError("HTTPConnection(host='zap', port=8080): Failed to resolve 'zap' ([Errno -5] No address associated with hostname)")': /JSON/ascan/view/status/?scanId=0&apikey=secret_api_key
2026-02-05 19:42:15,785 - urllib3.connectionpool - WARNING - Retrying (Retry(total=1, connect=None, read=None, redirect=None, status=None)) after connection broken by 'NameResolutionError("HTTPConnection(host='zap', port=8080): Failed to resolve 'zap' ([Errno -5] No address associated with hostname)")': /JSON/ascan/view/status/?scanId=0&apikey=secret_api_key
2026-02-05 19:42:17,796 - urllib3.connectionpool - WARNING - Retrying (Retry(total=0, connect=None, read=None, redirect=None, status=None)) after connection broken by 'NameResolutionError("HTTPConnection(host='zap', port=8080): Failed to resolve 'zap' ([Errno -5] No address associated with hostname)")': /JSON/ascan/view/status/?scanId=0&apikey=secret_api_key
2026-02-05 19:42:19,798 - urllib3.connectionpool - WARNING - Retrying (Retry(total=2, connect=None, read=None, redirect=None, status=None)) after connection broken by 'NameResolutionError("HTTPConnection(host='zap', port=8080): Failed to resolve 'zap' ([Errno -5] No address associated with hostname)")': /JSON/ascan/view/status/?scanId=0&apikey=secret_api_key
2026-02-05 19:42:20,806 - urllib3.connectionpool - WARNING - Retrying (Retry(total=1, connect=None, read=None, redirect=None, status=None)) after connection broken by 'NameResolutionError("HTTPConnection(host='zap', port=8080): Failed to resolve 'zap' ([Errno -5] No address associated with hostname)")': /JSON/ascan/view/status/?scanId=0&apikey=secret_api_key
2026-02-05 19:42:22,818 - urllib3.connectionpool - WARNING - Retrying (Retry(total=0, connect=None, read=None, redirect=None, status=None)) after connection broken by 'NameResolutionError("HTTPConnection(host='zap', port=8080): Failed to resolve 'zap' ([Errno -5] No address associated with hostname)")': /JSON/ascan/view/status/?scanId=0&apikey=secret_api_key
2026-02-05 19:42:24,839 - urllib3.connectionpool - WARNING - Retrying (Retry(total=2, connect=None, read=None, redirect=None, status=None)) after connection broken by 'NameResolutionError("HTTPConnection(host='zap', port=8080): Failed to resolve 'zap' ([Errno -5] No address associated with hostname)")': /JSON/ascan/view/status/?scanId=0&apikey=secret_api_key
2026-02-05 19:42:25,852 - urllib3.connectionpool - WARNING - Retrying (Retry(total=1, connect=None, read=None, redirect=None, status=None)) after connection broken by 'NameResolutionError("HTTPConnection(host='zap', port=8080): Failed to resolve 'zap' ([Errno -5] No address associated with hostname)")': /JSON/ascan/view/status/?scanId=0&apikey=secret_api_key
2026-02-05 19:42:27,862 - urllib3.connectionpool - WARNING - Retrying (Retry(total=0, connect=None, read=None, redirect=None, status=None)) after connection broken by 'NameResolutionError("HTTPConnection(host='zap', port=8080): Failed to resolve 'zap' ([Errno -5] No address associated with hostname)")': /JSON/ascan/view/status/?scanId=0&apikey=secret_api_key
2026-02-05 19:42:33,838 - urllib3.connectionpool - WARNING - Retrying (Retry(total=2, connect=None, read=None, redirect=None, status=None)) after connection broken by 'NameResolutionError("HTTPConnection(host='zap', port=8080): Failed to resolve 'zap' ([Errno -5] No address associated with hostname)")': /JSON/ascan/action/scan/?url=http%3A%2F%2F192.168.1.199%3A3030&apikey=secret_api_key&recurse=true
2026-02-05 19:42:34,869 - urllib3.connectionpool - WARNING - Retrying (Retry(total=1, connect=None, read=None, redirect=None, status=None)) after connection broken by 'NameResolutionError("HTTPConnection(host='zap', port=8080): Failed to resolve 'zap' ([Errno -5] No address associated with hostname)")': /JSON/ascan/action/scan/?url=http%3A%2F%2F192.168.1.199%3A3030&apikey=secret_api_key&recurse=true
2026-02-05 19:42:36,880 - urllib3.connectionpool - WARNING - Retrying (Retry(total=0, connect=None, read=None, redirect=None, status=None)) after connection broken by 'NameResolutionError("HTTPConnection(host='zap', port=8080): Failed to resolve 'zap' ([Errno -5] No address associated with hostname)")': /JSON/ascan/action/scan/?url=http%3A%2F%2F192.168.1.199%3A3030&apikey=secret_api_key&recurse=true
2026-02-05 19:42:36,891 - cyber_intel.services.zap_scanner - ERROR - Exception starting Active Scan: HTTPConnectionPool(host='zap', port=8080): Max retries exceeded with url: /JSON/ascan/action/scan/?url=http%3A%2F%2F192.168.1.199%3A3030&apikey=secret_api_key&recurse=true (Caused by NameResolutionError("HTTPConnection(host='zap', port=8080): Failed to resolve 'zap' ([Errno -5] No address associated with hostname)"))
2026-02-05 19:42:41,302 - urllib3.connectionpool - WARNING - Retrying (Retry(total=2, connect=None, read=None, redirect=None, status=None)) after connection broken by 'NameResolutionError("HTTPConnection(host='zap', port=8080): Failed to resolve 'zap' ([Errno -5] No address associated with hostname)")': /JSON/spider/action/scan/?url=http%3A%2F%2F192.168.1.199%3A3030&apikey=secret_api_key
2026-02-05 19:42:42,311 - urllib3.connectionpool - WARNING - Retrying (Retry(total=1, connect=None, read=None, redirect=None, status=None)) after connection broken by 'NameResolutionError("HTTPConnection(host='zap', port=8080): Failed to resolve 'zap' ([Errno -5] No address associated with hostname)")': /JSON/spider/action/scan/?url=http%3A%2F%2F192.168.1.199%3A3030&apikey=secret_api_key
2026-02-05 19:42:44,321 - urllib3.connectionpool - WARNING - Retrying (Retry(total=0, connect=None, read=None, redirect=None, status=None)) after connection broken by 'NameResolutionError("HTTPConnection(host='zap', port=8080): Failed to resolve 'zap' ([Errno -5] No address associated with hostname)")': /JSON/spider/action/scan/?url=http%3A%2F%2F192.168.1.199%3A3030&apikey=secret_api_key
2026-02-05 19:42:44,331 - cyber_intel.services.zap_scanner - ERROR - Exception starting Spider: HTTPConnectionPool(host='zap', port=8080): Max retries exceeded with url: /JSON/spider/action/scan/?url=http%3A%2F%2F192.168.1.199%3A3030&apikey=secret_api_key (Caused by NameResolutionError("HTTPConnection(host='zap', port=8080): Failed to resolve 'zap' ([Errno -5] No address associated with hostname)"))
2026-02-05 19:43:17,388 - cyber_intel - INFO - Starting up CyberRisk Intel API...
2026-02-05 19:43:17,471 - cyber_intel - INFO - Database tables created.
2026-02-05 19:43:30,789 - urllib3.connectionpool - WARNING - Retrying (Retry(total=2, connect=None, read=None, redirect=None, status=None)) after connection broken by 'NameResolutionError("HTTPConnection(host='zap', port=8080): Failed to resolve 'zap' ([Errno -5] No address associated with hostname)")': /JSON/spider/action/scan/?url=http%3A%2F%2F192.168.1.199%3A3030&apikey=secret_api_key
2026-02-05 19:43:31,962 - urllib3.connectionpool - WARNING - Retrying (Retry(total=1, connect=None, read=None, redirect=None, status=None)) after connection broken by 'NameResolutionError("HTTPConnection(host='zap', port=8080): Failed to resolve 'zap' ([Errno -5] No address associated with hostname)")': /JSON/spider/action/scan/?url=http%3A%2F%2F192.168.1.199%3A3030&apikey=secret_api_key
2026-02-05 19:43:33,997 - urllib3.connectionpool - WARNING - Retrying (Retry(total=0, connect=None, read=None, redirect=None, status=None)) after connection broken by 'NameResolutionError("HTTPConnection(host='zap', port=8080): Failed to resolve 'zap' ([Errno -5] No address associated with hostname)")': /JSON/spider/action/scan/?url=http%3A%2F%2F192.168.1.199%3A3030&apikey=secret_api_key
2026-02-05 19:43:34,009 - cyber_intel.services.zap_scanner - ERROR - Exception starting Spider: HTTPConnectionPool(host='zap', port=8080): Max retries exceeded with url: /JSON/spider/action/scan/?url=http%3A%2F%2F192.168.1.199%3A3030&apikey=secret_api_key (Caused by NameResolutionError("HTTPConnection(host='zap', port=8080): Failed to resolve 'zap' ([Errno -5] No address associated with hostname)"))
2026-02-05 19:50:50,817 - cyber_intel - INFO - Starting up CyberRisk Intel API...
2026-02-05 19:50:50,906 - cyber_intel - INFO - Database tables created.
2026-02-05 19:51:03,860 - cyber_intel.services.zap_scanner - INFO - Spider started with ID: 0
2026-02-05 19:51:44,175 - urllib3.connectionpool - WARNING - Retrying (Retry(total=2, connect=None, read=None, redirect=None, status=None)) after connection broken by 'ReadTimeoutError("HTTPConnectionPool(host='zap', port=8080): Read timed out. (read timeout=10)")': /JSON/core/view/alerts/?baseurl=http%3A%2F%2F192.168.1.199%3A3030&apikey=secret_api_key
2026-02-05 19:52:05,462 - cyber_intel.services.zap_scanner - INFO - Active Scan started with ID: 0
2026-02-05 19:54:26,271 - urllib3.connectionpool - WARNING - Retrying (Retry(total=2, connect=None, read=None, redirect=None, status=None)) after connection broken by 'RemoteDisconnected('Remote end closed connection without response')': /JSON/ascan/view/scanProgress/?scanId=0&apikey=secret_api_key
2026-02-05 19:54:27,273 - urllib3.connectionpool - WARNING - Retrying (Retry(total=1, connect=None, read=None, redirect=None, status=None)) after connection broken by 'NewConnectionError("HTTPConnection(host='zap', port=8080): Failed to establish a new connection: [Errno 111] Connection refused")': /JSON/ascan/view/scanProgress/?scanId=0&apikey=secret_api_key
2026-02-05 19:54:29,285 - urllib3.connectionpool - WARNING - Retrying (Retry(total=0, connect=None, read=None, redirect=None, status=None)) after connection broken by 'NameResolutionError("HTTPConnection(host='zap', port=8080): Failed to resolve 'zap' ([Errno -5] No address associated with hostname)")': /JSON/ascan/view/scanProgress/?scanId=0&apikey=secret_api_key
2026-02-05 19:54:30,632 - urllib3.connectionpool - WARNING - Retrying (Retry(total=2, connect=None, read=None, redirect=None, status=None)) after connection broken by 'NameResolutionError("HTTPConnection(host='zap', port=8080): Failed to resolve 'zap' ([Errno -5] No address associated with hostname)")': /JSON/ascan/view/status/?scanId=0&apikey=secret_api_key
2026-02-05 19:54:31,638 - urllib3.connectionpool - WARNING - Retrying (Retry(total=1, connect=None, read=None, redirect=None, status=None)) after connection broken by 'NameResolutionError("HTTPConnection(host='zap', port=8080): Failed to resolve 'zap' ([Errno -5] No address associated with hostname)")': /JSON/ascan/view/status/?scanId=0&apikey=secret_api_key
2026-02-05 19:54:33,652 - urllib3.connectionpool - WARNING - Retrying (Retry(total=0, connect=None, read=None, redirect=None, status=None)) after connection broken by 'NameResolutionError("HTTPConnection(host='zap', port=8080): Failed to resolve 'zap' ([Errno -5] No address associated with hostname)")': /JSON/ascan/view/status/?scanId=0&apikey=secret_api_key
2026-02-05 19:54:35,651 - urllib3.connectionpool - WARNING - Retrying (Retry(total=2, connect=None, read=None, redirect=None, status=None)) after connection broken by 'NameResolutionError("HTTPConnection(host='zap', port=8080): Failed to resolve 'zap' ([Errno -5] No address associated with hostname)")': /JSON/ascan/view/status/?scanId=0&apikey=secret_api_key
2026-02-05 19:54:36,659 - urllib3.connectionpool - WARNING - Retrying (Retry(total=1, connect=None, read=None, redirect=None, status=None)) after connection broken by 'NameResolutionError("HTTPConnection(host='zap', port=8080): Failed to resolve 'zap' ([Errno -5] No address associated with hostname)")': /JSON/ascan/view/status/?scanId=0&apikey=secret_api_key
2026-02-05 19:54:38,671 - urllib3.connectionpool - WARNING - Retrying (Retry(total=0, connect=None, read=None, redirect=None, status=None)) after connection broken by 'NameResolutionError("HTTPConnection(host='zap', port=8080): Failed to resolve 'zap' ([Errno -5] No address associated with hostname)")': /JSON/ascan/view/status/?scanId=0&apikey=secret_api_key
2026-02-05 19:54:40,570 - urllib3.connectionpool - WARNING - Retrying (Retry(total=2, connect=None, read=None, redirect=None, status=None)) after connection broken by 'NameResolutionError("HTTPConnection(host='zap', port=8080): Failed to resolve 'zap' ([Errno -5] No address associated with hostname)")': /JSON/ascan/view/status/?scanId=0&apikey=secret_api_key
2026-02-05 19:54:41,576 - urllib3.connectionpool - WARNING - Retrying (Retry(total=1, connect=None, read=None, redirect=None, status=None)) after connection broken by 'NameResolutionError("HTTPConnection(host='zap', port=8080): Failed to resolve 'zap' ([Errno -5] No address associated with hostname)")': /JSON/ascan/view/status/?scanId=0&apikey=secret_api_key
2026-02-05 19:54:43,585 - urllib3.connectionpool - WARNING - Retrying (Retry(total=0, connect=None, read=None, redirect=None, status=None)) after connection broken by 'NameResolutionError("HTTPConnection(host='zap', port=8080): Failed to resolve 'zap' ([Errno -5] No address associated with hostname)")': /JSON/ascan/view/status/?scanId=0&apikey=secret_api_key
2026-02-05 19:54:45,581 - urllib3.connectionpool - WARNING - Retrying (Retry(total=2, connect=None, read=None, redirect=None, status=None)) after connection broken by 'NameResolutionError("HTTPConnection(host='zap', port=8080): Failed to resolve 'zap' ([Errno -5] No address associated with hostname)")': /JSON/ascan/view/status/?scanId=0&apikey=secret_api_key
2026-02-05 19:54:46,587 - urllib3.connectionpool - WARNING - Retrying (Retry(total=1, connect=None, read=None, redirect=None, status=None)) after connection broken by 'NameResolutionError("HTTPConnection(host='zap', port=8080): Failed to resolve 'zap' ([Errno -5] No address associated with hostname)")': /JSON/ascan/view/status/?scanId=0&apikey=secret_api_key
2026-02-05 19:54:48,600 - urllib3.connectionpool - WARNING - Retrying (Retry(total=0, connect=None, read=None, redirect=None, status=None)) after connection broken by 'NameResolutionError("HTTPConnection(host='zap', port=8080): Failed to resolve 'zap' ([Errno -5] No address associated with hostname)")': /JSON/ascan/view/status/?scanId=0&apikey=secret_api_key
2026-02-05 19:54:50,598 - urllib3.connectionpool - WARNING - Retrying (Retry(total=2, connect=None, read=None, redirect=None, status=None)) after connection broken by 'NameResolutionError("HTTPConnection(host='zap', port=8080): Failed to resolve 'zap' ([Errno -5] No address associated with hostname)")': /JSON/ascan/view/status/?scanId=0&apikey=secret_api_key
2026-02-05 19:54:51,610 - urllib3.connectionpool - WARNING - Retrying (Retry(total=1, connect=None, read=None, redirect=None, status=None)) after connection broken by 'NameResolutionError("HTTPConnection(host='zap', port=8080): Failed to resolve 'zap' ([Errno -5] No address associated with hostname)")': /JSON/ascan/view/status/?scanId=0&apikey=secret_api_key
2026-02-05 19:54:53,619 - urllib3.connectionpool - WARNING - Retrying (Retry(total=0, connect=None, read=None, redirect=None, status=None)) after connection broken by 'NameResolutionError("HTTPConnection(host='zap', port=8080): Failed to resolve 'zap' ([Errno -5] No address associated with hostname)")': /JSON/ascan/view/status/?scanId=0&apikey=secret_api_key
2026-02-05 19:54:55,617 - urllib3.connectionpool - WARNING - Retrying (Retry(total=2, connect=None, read=None, redirect=None, status=None)) after connection broken by 'NameResolutionError("HTTPConnection(host='zap', port=8080): Failed to resolve 'zap' ([Errno -5] No address associated with hostname)")': /JSON/ascan/view/status/?scanId=0&apikey=secret_api_key
2026-02-05 19:54:56,627 - urllib3.connectionpool - WARNING - Retrying (Retry(total=1, connect=None, read=None, redirect=None, status=None)) after connection broken by 'NameResolutionError("HTTPConnection(host='zap', port=8080): Failed to resolve 'zap' ([Errno -5] No address associated with hostname)")': /JSON/ascan/view/status/?scanId=0&apikey=secret_api_key
2026-02-05 19:54:58,637 - urllib3.connectionpool - WARNING - Retrying (Retry(total=0, connect=None, read=None, redirect=None, status=None)) after connection broken by 'NameResolutionError("HTTPConnection(host='zap', port=8080): Failed to resolve 'zap' ([Errno -5] No address associated with hostname)")': /JSON/ascan/view/status/?scanId=0&apikey=secret_api_key
2026-02-05 19:55:00,634 - urllib3.connectionpool - WARNING - Retrying (Retry(total=2, connect=None, read=None, redirect=None, status=None)) after connection broken by 'NameResolutionError("HTTPConnection(host='zap', port=8080): Failed to resolve 'zap' ([Errno -5] No address associated with hostname)")': /JSON/ascan/view/status/?scanId=0&apikey=secret_api_key
2026-02-05 19:55:01,644 - urllib3.connectionpool - WARNING - Retrying (Retry(total=1, connect=None, read=None, redirect=None, status=None)) after connection broken by 'NameResolutionError("HTTPConnection(host='zap', port=8080): Failed to resolve 'zap' ([Errno -5] No address associated with hostname)")': /JSON/ascan/view/status/?scanId=0&apikey=secret_api_key
2026-02-05 19:55:03,672 - urllib3.connectionpool - WARNING - Retrying (Retry(total=0, connect=None, read=None, redirect=None, status=None)) after connection broken by 'NameResolutionError("HTTPConnection(host='zap', port=8080): Failed to resolve 'zap' ([Errno -5] No address associated with hostname)")': /JSON/ascan/view/status/?scanId=0&apikey=secret_api_key
2026-02-05 19:55:05,651 - urllib3.connectionpool - WARNING - Retrying (Retry(total=2, connect=None, read=None, redirect=None, status=None)) after connection broken by 'NameResolutionError("HTTPConnection(host='zap', port=8080): Failed to resolve 'zap' ([Errno -5] No address associated with hostname)")': /JSON/ascan/view/status/?scanId=0&apikey=secret_api_key
2026-02-05 19:55:06,659 - urllib3.connectionpool - WARNING - Retrying (Retry(total=1, connect=None, read=None, redirect=None, status=None)) after connection broken by 'NameResolutionError("HTTPConnection(host='zap', port=8080): Failed to resolve 'zap' ([Errno -5] No address associated with hostname)")': /JSON/ascan/view/status/?scanId=0&apikey=secret_api_key
2026-02-05 19:55:08,671 - urllib3.connectionpool - WARNING - Retrying (Retry(total=0, connect=None, read=None, redirect=None, status=None)) after connection broken by 'NameResolutionError("HTTPConnection(host='zap', port=8080): Failed to resolve 'zap' ([Errno -5] No address associated with hostname)")': /JSON/ascan/view/status/?scanId=0&apikey=secret_api_key
2026-02-05 19:55:10,572 - urllib3.connectionpool - WARNING - Retrying (Retry(total=2, connect=None, read=None, redirect=None, status=None)) after connection broken by 'NameResolutionError("HTTPConnection(host='zap', port=8080): Failed to resolve 'zap' ([Errno -5] No address associated with hostname)")': /JSON/ascan/view/status/?scanId=0&apikey=secret_api_key
2026-02-05 19:55:11,581 - urllib3.connectionpool - WARNING - Retrying (Retry(total=1, connect=None, read=None, redirect=None, status=None)) after connection broken by 'NameResolutionError("HTTPConnection(host='zap', port=8080): Failed to resolve 'zap' ([Errno -5] No address associated with hostname)")': /JSON/ascan/view/status/?scanId=0&apikey=secret_api_key
2026-02-05 19:55:13,592 - urllib3.connectionpool - WARNING - Retrying (Retry(total=0, connect=None, read=None, redirect=None, status=None)) after connection broken by 'NameResolutionError("HTTPConnection(host='zap', port=8080): Failed to resolve 'zap' ([Errno -5] No address associated with hostname)")': /JSON/ascan/view/status/?scanId=0&apikey=secret_api_key
2026-02-05 19:55:15,588 - urllib3.connectionpool - WARNING - Retrying (Retry(total=2, connect=None, read=None, redirect=None, status=None)) after connection broken by 'NameResolutionError("HTTPConnection(host='zap', port=8080): Failed to resolve 'zap' ([Errno -5] No address associated with hostname)")': /JSON/ascan/view/status/?scanId=0&apikey=secret_api_key
2026-02-05 19:55:16,598 - urllib3.connectionpool - WARNING - Retrying (Retry(total=1, connect=None, read=None, redirect=None, status=None)) after connection broken by 'NameResolutionError("HTTPConnection(host='zap', port=8080): Failed to resolve 'zap' ([Errno -5] No address associated with hostname)")': /JSON/ascan/view/status/?scanId=0&apikey=secret_api_key
2026-02-05 19:55:18,610 - urllib3.connectionpool - WARNING - Retrying (Retry(total=0, connect=None, read=None, redirect=None, status=None)) after connection broken by 'NameResolutionError("HTTPConnection(host='zap', port=8080): Failed to resolve 'zap' ([Errno -5] No address associated with hostname)")': /JSON/ascan/view/status/?scanId=0&apikey=secret_api_key
2026-02-05 19:55:20,603 - urllib3.connectionpool - WARNING - Retrying (Retry(total=2, connect=None, read=None, redirect=None, status=None)) after connection broken by 'NameResolutionError("HTTPConnection(host='zap', port=8080): Failed to resolve 'zap' ([Errno -5] No address associated with hostname)")': /JSON/ascan/view/status/?scanId=0&apikey=secret_api_key
2026-02-05 19:55:21,612 - urllib3.connectionpool - WARNING - Retrying (Retry(total=1, connect=None, read=None, redirect=None, status=None)) after connection broken by 'NameResolutionError("HTTPConnection(host='zap', port=8080): Failed to resolve 'zap' ([Errno -5] No address associated with hostname)")': /JSON/ascan/view/status/?scanId=0&apikey=secret_api_key
2026-02-05 19:55:23,623 - urllib3.connectionpool - WARNING - Retrying (Retry(total=0, connect=None, read=None, redirect=None, status=None)) after connection broken by 'NameResolutionError("HTTPConnection(host='zap', port=8080): Failed to resolve 'zap' ([Errno -5] No address associated with hostname)")': /JSON/ascan/view/status/?scanId=0&apikey=secret_api_key
2026-02-05 19:55:25,621 - urllib3.connectionpool - WARNING - Retrying (Retry(total=2, connect=None, read=None, redirect=None, status=None)) after connection broken by 'NameResolutionError("HTTPConnection(host='zap', port=8080): Failed to resolve 'zap' ([Errno -5] No address associated with hostname)")': /JSON/ascan/view/status/?scanId=0&apikey=secret_api_key
2026-02-05 19:55:26,631 - urllib3.connectionpool - WARNING - Retrying (Retry(total=1, connect=None, read=None, redirect=None, status=None)) after connection broken by 'NameResolutionError("HTTPConnection(host='zap', port=8080): Failed to resolve 'zap' ([Errno -5] No address associated with hostname)")': /JSON/ascan/view/status/?scanId=0&apikey=secret_api_key
2026-02-05 19:55:28,641 - urllib3.connectionpool - WARNING - Retrying (Retry(total=0, connect=None, read=None, redirect=None, status=None)) after connection broken by 'NameResolutionError("HTTPConnection(host='zap', port=8080): Failed to resolve 'zap' ([Errno -5] No address associated with hostname)")': /JSON/ascan/view/status/?scanId=0&apikey=secret_api_key
2026-02-05 19:55:30,638 - urllib3.connectionpool - WARNING - Retrying (Retry(total=2, connect=None, read=None, redirect=None, status=None)) after connection broken by 'NameResolutionError("HTTPConnection(host='zap', port=8080): Failed to resolve 'zap' ([Errno -5] No address associated with hostname)")': /JSON/ascan/view/status/?scanId=0&apikey=secret_api_key
2026-02-05 19:55:31,647 - urllib3.connectionpool - WARNING - Retrying (Retry(total=1, connect=None, read=None, redirect=None, status=None)) after connection broken by 'NameResolutionError("HTTPConnection(host='zap', port=8080): Failed to resolve 'zap' ([Errno -5] No address associated with hostname)")': /JSON/ascan/view/status/?scanId=0&apikey=secret_api_key
2026-02-05 19:55:33,658 - urllib3.connectionpool - WARNING - Retrying (Retry(total=0, connect=None, read=None, redirect=None, status=None)) after connection broken by 'NameResolutionError("HTTPConnection(host='zap', port=8080): Failed to resolve 'zap' ([Errno -5] No address associated with hostname)")': /JSON/ascan/view/status/?scanId=0&apikey=secret_api_key
2026-02-05 19:55:35,656 - urllib3.connectionpool - WARNING - Retrying (Retry(total=2, connect=None, read=None, redirect=None, status=None)) after connection broken by 'NameResolutionError("HTTPConnection(host='zap', port=8080): Failed to resolve 'zap' ([Errno -5] No address associated with hostname)")': /JSON/ascan/view/status/?scanId=0&apikey=secret_api_key
2026-02-05 19:55:36,668 - urllib3.connectionpool - WARNING - Retrying (Retry(total=1, connect=None, read=None, redirect=None, status=None)) after connection broken by 'NameResolutionError("HTTPConnection(host='zap', port=8080): Failed to resolve 'zap' ([Errno -5] No address associated with hostname)")': /JSON/ascan/view/status/?scanId=0&apikey=secret_api_key
2026-02-05 19:55:38,697 - urllib3.connectionpool - WARNING - Retrying (Retry(total=0, connect=None, read=None, redirect=None, status=None)) after connection broken by 'NameResolutionError("HTTPConnection(host='zap', port=8080): Failed to resolve 'zap' ([Errno -5] No address associated with hostname)")': /JSON/ascan/view/status/?scanId=0&apikey=secret_api_key
2026-02-05 19:55:40,576 - urllib3.connectionpool - WARNING - Retrying (Retry(total=2, connect=None, read=None, redirect=None, status=None)) after connection broken by 'NameResolutionError("HTTPConnection(host='zap', port=8080): Failed to resolve 'zap' ([Errno -5] No address associated with hostname)")': /JSON/ascan/view/status/?scanId=0&apikey=secret_api_key
2026-02-05 19:55:41,585 - urllib3.connectionpool - WARNING - Retrying (Retry(total=1, connect=None, read=None, redirect=None, status=None)) after connection broken by 'NameResolutionError("HTTPConnection(host='zap', port=8080): Failed to resolve 'zap' ([Errno -5] No address associated with hostname)")': /JSON/ascan/view/status/?scanId=0&apikey=secret_api_key
2026-02-05 19:55:43,596 - urllib3.connectionpool - WARNING - Retrying (Retry(total=0, connect=None, read=None, redirect=None, status=None)) after connection broken by 'NameResolutionError("HTTPConnection(host='zap', port=8080): Failed to resolve 'zap' ([Errno -5] No address associated with hostname)")': /JSON/ascan/view/status/?scanId=0&apikey=secret_api_key
2026-02-05 19:55:45,587 - urllib3.connectionpool - WARNING - Retrying (Retry(total=2, connect=None, read=None, redirect=None, status=None)) after connection broken by 'NameResolutionError("HTTPConnection(host='zap', port=8080): Failed to resolve 'zap' ([Errno -5] No address associated with hostname)")': /JSON/ascan/view/status/?scanId=0&apikey=secret_api_key
2026-02-05 19:55:46,596 - urllib3.connectionpool - WARNING - Retrying (Retry(total=1, connect=None, read=None, redirect=None, status=None)) after connection broken by 'NameResolutionError("HTTPConnection(host='zap', port=8080): Failed to resolve 'zap' ([Errno -5] No address associated with hostname)")': /JSON/ascan/view/status/?scanId=0&apikey=secret_api_key
2026-02-05 19:55:48,649 - urllib3.connectionpool - WARNING - Retrying (Retry(total=0, connect=None, read=None, redirect=None, status=None)) after connection broken by 'NameResolutionError("HTTPConnection(host='zap', port=8080): Failed to resolve 'zap' ([Errno -5] No address associated with hostname)")': /JSON/ascan/view/status/?scanId=0&apikey=secret_api_key
2026-02-05 19:55:51,221 - urllib3.connectionpool - WARNING - Retrying (Retry(total=2, connect=None, read=None, redirect=None, status=None)) after connection broken by 'NameResolutionError("HTTPConnection(host='zap', port=8080): Failed to resolve 'zap' ([Errno -5] No address associated with hostname)")': /JSON/ascan/view/status/?scanId=0&apikey=secret_api_key
2026-02-05 19:55:52,229 - urllib3.connectionpool - WARNING - Retrying (Retry(total=1, connect=None, read=None, redirect=None, status=None)) after connection broken by 'NameResolutionError("HTTPConnection(host='zap', port=8080): Failed to resolve 'zap' ([Errno -5] No address associated with hostname)")': /JSON/ascan/view/status/?scanId=0&apikey=secret_api_key
2026-02-05 19:55:54,240 - urllib3.connectionpool - WARNING - Retrying (Retry(total=0, connect=None, read=None, redirect=None, status=None)) after connection broken by 'NameResolutionError("HTTPConnection(host='zap', port=8080): Failed to resolve 'zap' ([Errno -5] No address associated with hostname)")': /JSON/ascan/view/status/?scanId=0&apikey=secret_api_key
2026-02-05 19:55:55,624 - urllib3.connectionpool - WARNING - Retrying (Retry(total=2, connect=None, read=None, redirect=None, status=None)) after connection broken by 'NameResolutionError("HTTPConnection(host='zap', port=8080): Failed to resolve 'zap' ([Errno -5] No address associated with hostname)")': /JSON/ascan/view/status/?scanId=0&apikey=secret_api_key
2026-02-05 19:55:56,634 - urllib3.connectionpool - WARNING - Retrying (Retry(total=1, connect=None, read=None, redirect=None, status=None)) after connection broken by 'NameResolutionError("HTTPConnection(host='zap', port=8080): Failed to resolve 'zap' ([Errno -5] No address associated with hostname)")': /JSON/ascan/view/status/?scanId=0&apikey=secret_api_key
2026-02-05 19:55:58,643 - urllib3.connectionpool - WARNING - Retrying (Retry(total=0, connect=None, read=None, redirect=None, status=None)) after connection broken by 'NameResolutionError("HTTPConnection(host='zap', port=8080): Failed to resolve 'zap' ([Errno -5] No address associated with hostname)")': /JSON/ascan/view/status/?scanId=0&apikey=secret_api_key
2026-02-05 19:56:00,641 - urllib3.connectionpool - WARNING - Retrying (Retry(total=2, connect=None, read=None, redirect=None, status=None)) after connection broken by 'NameResolutionError("HTTPConnection(host='zap', port=8080): Failed to resolve 'zap' ([Errno -5] No address associated with hostname)")': /JSON/ascan/view/status/?scanId=0&apikey=secret_api_key
2026-02-05 19:56:01,651 - urllib3.connectionpool - WARNING - Retrying (Retry(total=1, connect=None, read=None, redirect=None, status=None)) after connection broken by 'NameResolutionError("HTTPConnection(host='zap', port=8080): Failed to resolve 'zap' ([Errno -5] No address associated with hostname)")': /JSON/ascan/view/status/?scanId=0&apikey=secret_api_key
2026-02-05 19:56:03,662 - urllib3.connectionpool - WARNING - Retrying (Retry(total=0, connect=None, read=None, redirect=None, status=None)) after connection broken by 'NameResolutionError("HTTPConnection(host='zap', port=8080): Failed to resolve 'zap' ([Errno -5] No address associated with hostname)")': /JSON/ascan/view/status/?scanId=0&apikey=secret_api_key
2026-02-05 19:56:05,558 - urllib3.connectionpool - WARNING - Retrying (Retry(total=2, connect=None, read=None, redirect=None, status=None)) after connection broken by 'NameResolutionError("HTTPConnection(host='zap', port=8080): Failed to resolve 'zap' ([Errno -5] No address associated with hostname)")': /JSON/ascan/view/status/?scanId=0&apikey=secret_api_key
2026-02-05 19:56:06,566 - urllib3.connectionpool - WARNING - Retrying (Retry(total=1, connect=None, read=None, redirect=None, status=None)) after connection broken by 'NameResolutionError("HTTPConnection(host='zap', port=8080): Failed to resolve 'zap' ([Errno -5] No address associated with hostname)")': /JSON/ascan/view/status/?scanId=0&apikey=secret_api_key
2026-02-05 19:56:08,577 - urllib3.connectionpool - WARNING - Retrying (Retry(total=0, connect=None, read=None, redirect=None, status=None)) after connection broken by 'NameResolutionError("HTTPConnection(host='zap', port=8080): Failed to resolve 'zap' ([Errno -5] No address associated with hostname)")': /JSON/ascan/view/status/?scanId=0&apikey=secret_api_key
2026-02-05 19:56:10,580 - urllib3.connectionpool - WARNING - Retrying (Retry(total=2, connect=None, read=None, redirect=None, status=None)) after connection broken by 'NameResolutionError("HTTPConnection(host='zap', port=8080): Failed to resolve 'zap' ([Errno -5] No address associated with hostname)")': /JSON/ascan/view/status/?scanId=0&apikey=secret_api_key
2026-02-05 19:56:11,591 - urllib3.connectionpool - WARNING - Retrying (Retry(total=1, connect=None, read=None, redirect=None, status=None)) after connection broken by 'NameResolutionError("HTTPConnection(host='zap', port=8080): Failed to resolve 'zap' ([Errno -5] No address associated with hostname)")': /JSON/ascan/view/status/?scanId=0&apikey=secret_api_key
2026-02-05 19:56:13,600 - urllib3.connectionpool - WARNING - Retrying (Retry(total=0, connect=None, read=None, redirect=None, status=None)) after connection broken by 'NameResolutionError("HTTPConnection(host='zap', port=8080): Failed to resolve 'zap' ([Errno -5] No address associated with hostname)")': /JSON/ascan/view/status/?scanId=0&apikey=secret_api_key
2026-02-05 19:56:15,592 - urllib3.connectionpool - WARNING - Retrying (Retry(total=2, connect=None, read=None, redirect=None, status=None)) after connection broken by 'NameResolutionError("HTTPConnection(host='zap', port=8080): Failed to resolve 'zap' ([Errno -5] No address associated with hostname)")': /JSON/ascan/view/status/?scanId=0&apikey=secret_api_key
2026-02-05 19:56:16,600 - urllib3.connectionpool - WARNING - Retrying (Retry(total=1, connect=None, read=None, redirect=None, status=None)) after connection broken by 'NameResolutionError("HTTPConnection(host='zap', port=8080): Failed to resolve 'zap' ([Errno -5] No address associated with hostname)")': /JSON/ascan/view/status/?scanId=0&apikey=secret_api_key
2026-02-05 19:56:18,611 - urllib3.connectionpool - WARNING - Retrying (Retry(total=0, connect=None, read=None, redirect=None, status=None)) after connection broken by 'NameResolutionError("HTTPConnection(host='zap', port=8080): Failed to resolve 'zap' ([Errno -5] No address associated with hostname)")': /JSON/ascan/view/status/?scanId=0&apikey=secret_api_key
2026-02-05 19:56:20,609 - urllib3.connectionpool - WARNING - Retrying (Retry(total=2, connect=None, read=None, redirect=None, status=None)) after connection broken by 'NameResolutionError("HTTPConnection(host='zap', port=8080): Failed to resolve 'zap' ([Errno -5] No address associated with hostname)")': /JSON/ascan/view/status/?scanId=0&apikey=secret_api_key
2026-02-05 19:56:21,617 - urllib3.connectionpool - WARNING - Retrying (Retry(total=1, connect=None, read=None, redirect=None, status=None)) after connection broken by 'NameResolutionError("HTTPConnection(host='zap', port=8080): Failed to resolve 'zap' ([Errno -5] No address associated with hostname)")': /JSON/ascan/view/status/?scanId=0&apikey=secret_api_key
2026-02-05 19:56:23,628 - urllib3.connectionpool - WARNING - Retrying (Retry(total=0, connect=None, read=None, redirect=None, status=None)) after connection broken by 'NameResolutionError("HTTPConnection(host='zap', port=8080): Failed to resolve 'zap' ([Errno -5] No address associated with hostname)")': /JSON/ascan/view/status/?scanId=0&apikey=secret_api_key
2026-02-05 19:56:25,628 - urllib3.connectionpool - WARNING - Retrying (Retry(total=2, connect=None, read=None, redirect=None, status=None)) after connection broken by 'NameResolutionError("HTTPConnection(host='zap', port=8080): Failed to resolve 'zap' ([Errno -5] No address associated with hostname)")': /JSON/ascan/view/status/?scanId=0&apikey=secret_api_key
2026-02-05 19:56:26,636 - urllib3.connectionpool - WARNING - Retrying (Retry(total=1, connect=None, read=None, redirect=None, status=None)) after connection broken by 'NameResolutionError("HTTPConnection(host='zap', port=8080): Failed to resolve 'zap' ([Errno -5] No address associated with hostname)")': /JSON/ascan/view/status/?scanId=0&apikey=secret_api_key
2026-02-05 19:56:28,647 - urllib3.connectionpool - WARNING - Retrying (Retry(total=0, connect=None, read=None, redirect=None, status=None)) after connection broken by 'NameResolutionError("HTTPConnection(host='zap', port=8080): Failed to resolve 'zap' ([Errno -5] No address associated with hostname)")': /JSON/ascan/view/status/?scanId=0&apikey=secret_api_key
2026-02-05 19:56:30,645 - urllib3.connectionpool - WARNING - Retrying (Retry(total=2, connect=None, read=None, redirect=None, status=None)) after connection broken by 'NameResolutionError("HTTPConnection(host='zap', port=8080): Failed to resolve 'zap' ([Errno -5] No address associated with hostname)")': /JSON/ascan/view/status/?scanId=0&apikey=secret_api_key
2026-02-05 19:56:31,653 - urllib3.connectionpool - WARNING - Retrying (Retry(total=1, connect=None, read=None, redirect=None, status=None)) after connection broken by 'NameResolutionError("HTTPConnection(host='zap', port=8080): Failed to resolve 'zap' ([Errno -5] No address associated with hostname)")': /JSON/ascan/view/status/?scanId=0&apikey=secret_api_key
2026-02-05 19:56:33,664 - urllib3.connectionpool - WARNING - Retrying (Retry(total=0, connect=None, read=None, redirect=None, status=None)) after connection broken by 'NameResolutionError("HTTPConnection(host='zap', port=8080): Failed to resolve 'zap' ([Errno -5] No address associated with hostname)")': /JSON/ascan/view/status/?scanId=0&apikey=secret_api_key
2026-02-05 19:56:35,560 - urllib3.connectionpool - WARNING - Retrying (Retry(total=2, connect=None, read=None, redirect=None, status=None)) after connection broken by 'NameResolutionError("HTTPConnection(host='zap', port=8080): Failed to resolve 'zap' ([Errno -5] No address associated with hostname)")': /JSON/ascan/view/status/?scanId=0&apikey=secret_api_key
2026-02-05 19:56:36,570 - urllib3.connectionpool - WARNING - Retrying (Retry(total=1, connect=None, read=None, redirect=None, status=None)) after connection broken by 'NameResolutionError("HTTPConnection(host='zap', port=8080): Failed to resolve 'zap' ([Errno -5] No address associated with hostname)")': /JSON/ascan/view/status/?scanId=0&apikey=secret_api_key
2026-02-05 19:56:38,581 - urllib3.connectionpool - WARNING - Retrying (Retry(total=0, connect=None, read=None, redirect=None, status=None)) after connection broken by 'NameResolutionError("HTTPConnection(host='zap', port=8080): Failed to resolve 'zap' ([Errno -5] No address associated with hostname)")': /JSON/ascan/view/status/?scanId=0&apikey=secret_api_key
2026-02-05 19:56:40,585 - urllib3.connectionpool - WARNING - Retrying (Retry(total=2, connect=None, read=None, redirect=None, status=None)) after connection broken by 'NameResolutionError("HTTPConnection(host='zap', port=8080): Failed to resolve 'zap' ([Errno -5] No address associated with hostname)")': /JSON/ascan/view/status/?scanId=0&apikey=secret_api_key
2026-02-05 19:56:41,591 - urllib3.connectionpool - WARNING - Retrying (Retry(total=1, connect=None, read=None, redirect=None, status=None)) after connection broken by 'NameResolutionError("HTTPConnection(host='zap', port=8080): Failed to resolve 'zap' ([Errno -5] No address associated with hostname)")': /JSON/ascan/view/status/?scanId=0&apikey=secret_api_key
2026-02-05 19:56:43,602 - urllib3.connectionpool - WARNING - Retrying (Retry(total=0, connect=None, read=None, redirect=None, status=None)) after connection broken by 'NameResolutionError("HTTPConnection(host='zap', port=8080): Failed to resolve 'zap' ([Errno -5] No address associated with hostname)")': /JSON/ascan/view/status/?scanId=0&apikey=secret_api_key
2026-02-05 19:56:45,593 - urllib3.connectionpool - WARNING - Retrying (Retry(total=2, connect=None, read=None, redirect=None, status=None)) after connection broken by 'NameResolutionError("HTTPConnection(host='zap', port=8080): Failed to resolve 'zap' ([Errno -5] No address associated with hostname)")': /JSON/ascan/view/status/?scanId=0&apikey=secret_api_key
2026-02-05 19:56:46,602 - urllib3.connectionpool - WARNING - Retrying (Retry(total=1, connect=None, read=None, redirect=None, status=None)) after connection broken by 'NameResolutionError("HTTPConnection(host='zap', port=8080): Failed to resolve 'zap' ([Errno -5] No address associated with hostname)")': /JSON/ascan/view/status/?scanId=0&apikey=secret_api_key
2026-02-05 19:56:48,615 - urllib3.connectionpool - WARNING - Retrying (Retry(total=0, connect=None, read=None, redirect=None, status=None)) after connection broken by 'NameResolutionError("HTTPConnection(host='zap', port=8080): Failed to resolve 'zap' ([Errno -5] No address associated with hostname)")': /JSON/ascan/view/status/?scanId=0&apikey=secret_api_key
2026-02-05 19:56:50,615 - urllib3.connectionpool - WARNING - Retrying (Retry(total=2, connect=None, read=None, redirect=None, status=None)) after connection broken by 'NameResolutionError("HTTPConnection(host='zap', port=8080): Failed to resolve 'zap' ([Errno -5] No address associated with hostname)")': /JSON/ascan/view/status/?scanId=0&apikey=secret_api_key
2026-02-05 19:56:51,642 - urllib3.connectionpool - WARNING - Retrying (Retry(total=1, connect=None, read=None, redirect=None, status=None)) after connection broken by 'NameResolutionError("HTTPConnection(host='zap', port=8080): Failed to resolve 'zap' ([Errno -5] No address associated with hostname)")': /JSON/ascan/view/status/?scanId=0&apikey=secret_api_key
2026-02-05 19:56:53,653 - urllib3.connectionpool - WARNING - Retrying (Retry(total=0, connect=None, read=None, redirect=None, status=None)) after connection broken by 'NameResolutionError("HTTPConnection(host='zap', port=8080): Failed to resolve 'zap' ([Errno -5] No address associated with hostname)")': /JSON/ascan/view/status/?scanId=0&apikey=secret_api_key
2026-02-05 19:56:55,633 - urllib3.connectionpool - WARNING - Retrying (Retry(total=2, connect=None, read=None, redirect=None, status=None)) after connection broken by 'NameResolutionError("HTTPConnection(host='zap', port=8080): Failed to resolve 'zap' ([Errno -5] No address associated with hostname)")': /JSON/ascan/view/status/?scanId=0&apikey=secret_api_key
2026-02-05 19:56:56,642 - urllib3.connectionpool - WARNING - Retrying (Retry(total=1, connect=None, read=None, redirect=None, status=None)) after connection broken by 'NameResolutionError("HTTPConnection(host='zap', port=8080): Failed to resolve 'zap' ([Errno -5] No address associated with hostname)")': /JSON/ascan/view/status/?scanId=0&apikey=secret_api_key
2026-02-05 19:56:58,653 - urllib3.connectionpool - WARNING - Retrying (Retry(total=0, connect=None, read=None, redirect=None, status=None)) after connection broken by 'NameResolutionError("HTTPConnection(host='zap', port=8080): Failed to resolve 'zap' ([Errno -5] No address associated with hostname)")': /JSON/ascan/view/status/?scanId=0&apikey=secret_api_key
2026-02-05 19:57:00,647 - urllib3.connectionpool - WARNING - Retrying (Retry(total=2, connect=None, read=None, redirect=None, status=None)) after connection broken by 'NameResolutionError("HTTPConnection(host='zap', port=8080): Failed to resolve 'zap' ([Errno -5] No address associated with hostname)")': /JSON/ascan/view/status/?scanId=0&apikey=secret_api_key
2026-02-05 19:57:01,653 - urllib3.connectionpool - WARNING - Retrying (Retry(total=1, connect=None, read=None, redirect=None, status=None)) after connection broken by 'NameResolutionError("HTTPConnection(host='zap', port=8080): Failed to resolve 'zap' ([Errno -5] No address associated with hostname)")': /JSON/ascan/view/status/?scanId=0&apikey=secret_api_key
2026-02-05 19:57:03,667 - urllib3.connectionpool - WARNING - Retrying (Retry(total=0, connect=None, read=None, redirect=None, status=None)) after connection broken by 'NameResolutionError("HTTPConnection(host='zap', port=8080): Failed to resolve 'zap' ([Errno -5] No address associated with hostname)")': /JSON/ascan/view/status/?scanId=0&apikey=secret_api_key
2026-02-05 19:57:05,564 - urllib3.connectionpool - WARNING - Retrying (Retry(total=2, connect=None, read=None, redirect=None, status=None)) after connection broken by 'NameResolutionError("HTTPConnection(host='zap', port=8080): Failed to resolve 'zap' ([Errno -5] No address associated with hostname)")': /JSON/ascan/view/status/?scanId=0&apikey=secret_api_key
2026-02-05 19:57:06,572 - urllib3.connectionpool - WARNING - Retrying (Retry(total=1, connect=None, read=None, redirect=None, status=None)) after connection broken by 'NameResolutionError("HTTPConnection(host='zap', port=8080): Failed to resolve 'zap' ([Errno -5] No address associated with hostname)")': /JSON/ascan/view/status/?scanId=0&apikey=secret_api_key
2026-02-05 19:57:08,583 - urllib3.connectionpool - WARNING - Retrying (Retry(total=0, connect=None, read=None, redirect=None, status=None)) after connection broken by 'NameResolutionError("HTTPConnection(host='zap', port=8080): Failed to resolve 'zap' ([Errno -5] No address associated with hostname)")': /JSON/ascan/view/status/?scanId=0&apikey=secret_api_key
2026-02-09 18:34:37,394 - cyber_intel - INFO - Starting up CyberRisk Intel API...
2026-02-09 18:34:37,488 - cyber_intel - INFO - Database tables created.
2026-02-09 18:37:57,419 - cyber_intel - INFO - Starting up CyberRisk Intel API...
2026-02-09 18:37:57,489 - cyber_intel - INFO - Database tables created.
2026-02-09 18:38:38,373 - cyber_intel.scrapers.NVD - INFO - [*] Starting NVD collection (Window: 30 days)
2026-02-09 18:38:38,373 - cyber_intel.scrapers.NVD - INFO - [*] Requesting NVD API (startIndex=0)...
2026-02-09 18:38:40,026 - cyber_intel.scrapers.NVD - INFO -     [+] Got 2000 items. Total available: 2593
2026-02-09 18:38:40,058 - cyber_intel.scrapers.NVD - INFO - [*] Requesting NVD API (startIndex=2000)...
2026-02-09 18:38:41,263 - cyber_intel.scrapers.NVD - INFO -     [+] Got 593 items. Total available: 2593
2026-02-09 18:39:11,792 - cyber_intel.services.zap_scanner - INFO - Spider started with ID: 0
2026-02-09 18:39:40,343 - cyber_intel.services.zap_scanner - WARNING - Target https://projudi-automacao.tjgo.jus.br/ not found in scan tree. active scan aborted.
2026-02-09 18:39:46,758 - cyber_intel.services.zap_scanner - INFO - Spider started with ID: 1
2026-02-09 18:40:00,482 - cyber_intel.services.zap_scanner - WARNING - Target https://projudi-automacao.tjgo.jus.br/ not found in scan tree. active scan aborted.
2026-02-09 18:40:23,229 - cyber_intel.services.zap_scanner - INFO - Spider started with ID: 2
2026-02-09 18:40:40,535 - cyber_intel.services.zap_scanner - INFO - Spider started with ID: 3
2026-02-09 18:41:23,430 - cyber_intel.services.zap_scanner - INFO - Spider started with ID: 4
2026-02-09 18:41:52,961 - cyber_intel.services.zap_scanner - INFO - Spider started with ID: 5
2026-02-09 18:42:28,596 - cyber_intel.services.zap_scanner - INFO - Spider started with ID: 6
2026-02-09 18:47:00,160 - cyber_intel - INFO - Starting up CyberRisk Intel API...
2026-02-09 18:47:00,250 - cyber_intel - INFO - Database tables created.
2026-02-09 18:50:30,615 - cyber_intel.services.zap_scanner - INFO - Spider started with ID: 7
2026-02-09 18:50:55,886 - cyber_intel.services.zap_scanner - WARNING - Target https://projudi-automacao.tjgo.jus.br/ConsultaPublicacao not found in scan tree. active scan aborted.
2026-02-09 18:51:40,148 - cyber_intel - INFO - Starting up CyberRisk Intel API...
2026-02-09 18:51:40,234 - cyber_intel - INFO - Database tables created.
2026-02-09 18:51:45,630 - cyber_intel.services.zap_scanner - INFO - Spider started with ID: 8
2026-02-09 18:52:02,816 - cyber_intel.services.zap_scanner - WARNING - Target https://projudi-automacao.tjgo.jus.br/ConsultaPublicacao not found in scan tree. active scan aborted.
2026-02-09 19:46:31,572 - cyber_intel - INFO - Starting up CyberRisk Intel API...
2026-02-09 19:46:31,613 - cyber_intel - INFO - Database tables created.
2026-02-09 19:47:15,817 - cyber_intel.services.zap_scanner - INFO - Spider started with ID: 9
2026-02-09 19:48:28,311 - cyber_intel.services.zap_scanner - INFO - Spider started with ID: 10
2026-02-09 19:48:46,644 - cyber_intel.services.zap_scanner - INFO - Spider started with ID: 11
2026-02-09 19:49:04,868 - cyber_intel.services.zap_scanner - WARNING - Target https://projudi-automacao.tjgo.jus.br/ConsultaPublicacao not found in scan tree. active scan aborted.
2026-02-10 07:35:11,251 - cyber_intel - INFO - Starting up CyberRisk Intel API...
2026-02-10 07:35:11,387 - cyber_intel - INFO - Database tables created.
2026-03-03 16:32:03,081 - cyber_intel - INFO - Starting up CyberRisk Intel API...
2026-03-03 16:32:03,196 - cyber_intel - INFO - Database tables created.
2026-06-29 16:36:17,239 - cyber_intel - INFO - Starting up CyberRisk Intel API...
2026-06-29 16:36:17,340 - cyber_intel - INFO - Database tables created.
2026-06-30 09:48:01,781 - cyber_intel - INFO - Starting up CyberRisk Intel API...
2026-06-30 09:48:01,884 - cyber_intel - INFO - Database tables created.
2026-06-30 10:07:34,071 - cyber_intel - INFO - Starting up CyberRisk Intel API...
2026-06-30 10:07:34,121 - cyber_intel - INFO - Database tables created.
